[debug] [2022-05-04T09:01:18.221Z] ----------------------------------------------------------------------
[debug] [2022-05-04T09:01:18.222Z] Command:       /var/lib/snapd/snap/node/6264/bin/node /usr/local/bin/firebase init
[debug] [2022-05-04T09:01:18.222Z] CLI Version:   10.7.2
[debug] [2022-05-04T09:01:18.222Z] Platform:      linux
[debug] [2022-05-04T09:01:18.223Z] Node Version:  v16.15.0
[debug] [2022-05-04T09:01:18.223Z] Time:          Wed May 04 2022 10:01:18 GMT+0100 (hora de verano de Europa occidental)
[debug] [2022-05-04T09:01:18.223Z] ----------------------------------------------------------------------
[debug] 
[debug] [2022-05-04T09:01:18.261Z] > command requires scopes: ["email","openid","https://www.googleapis.com/auth/cloudplatformprojects.readonly","https://www.googleapis.com/auth/firebase","https://www.googleapis.com/auth/cloud-platform"]
[debug] [2022-05-04T09:01:18.262Z] > authorizing via signed-in user (alvarosq2001@gmail.com)
[info] 
     ######## #### ########  ######## ########     ###     ######  ########
     ##        ##  ##     ## ##       ##     ##  ##   ##  ##       ##
     ######    ##  ########  ######   ########  #########  ######  ######
     ##        ##  ##    ##  ##       ##     ## ##     ##       ## ##
     ##       #### ##     ## ######## ########  ##     ##  ######  ########

You're about to initialize a Firebase project in this directory:

  /home/pwm/Escritorio/dogsandcats

Before we get started, keep in mind:

  * You are currently outside your home directory
  * You are initializing within an existing Firebase project directory

[info] 
=== Project Setup
[info] 
[info] First, let's associate this project directory with a Firebase project.
[info] You can create multiple project aliases by running firebase use --add, 
[info] but for now we'll just set up a default project.
[info] 
[debug] [2022-05-04T09:01:21.800Z] Using project from CLI flag: dogsandcatsong-ded69
[debug] [2022-05-04T09:01:21.802Z] > refreshing access token with scopes: []
[debug] [2022-05-04T09:01:21.803Z] >>> HTTP REQUEST POST https://www.googleapis.com/oauth2/v3/token  
 <request body omitted>
[debug] [2022-05-04T09:01:22.005Z] <<< HTTP RESPONSE 400 {"expires":"Mon, 01 Jan 1990 00:00:00 GMT","pragma":"no-cache","cache-control":"no-cache, no-store, max-age=0, must-revalidate","date":"Wed, 04 May 2022 09:01:23 GMT","content-type":"application/json; charset=utf-8","vary":"X-Origin, Referer, Origin,Accept-Encoding","server":"scaffolding on HTTPServer2","x-xss-protection":"0","x-frame-options":"SAMEORIGIN","x-content-type-options":"nosniff","alt-svc":"h3=\":443\"; ma=2592000,h3-29=\":443\"; ma=2592000,h3-Q050=\":443\"; ma=2592000,h3-Q046=\":443\"; ma=2592000,h3-Q043=\":443\"; ma=2592000,quic=\":443\"; ma=2592000; v=\"46,43\"","accept-ranges":"none","transfer-encoding":"chunked"}
[debug] [2022-05-04T09:01:22.010Z] >>> [apiv2][query] GET https://firebase.googleapis.com/v1beta1/projects/dogsandcatsong-ded69 [none]
[debug] [2022-05-04T09:01:22.254Z] <<< [apiv2][status] GET https://firebase.googleapis.com/v1beta1/projects/dogsandcatsong-ded69 401
[debug] [2022-05-04T09:01:22.254Z] <<< [apiv2][body] GET https://firebase.googleapis.com/v1beta1/projects/dogsandcatsong-ded69 {"error":{"code":401,"message":"Request had invalid authentication credentials. Expected OAuth 2 access token, login cookie or other valid authentication credential. See https://developers.google.com/identity/sign-in/web/devconsole-project.","status":"UNAUTHENTICATED"}}
[debug] [2022-05-04T09:01:22.255Z] HTTP Error: 401, Request had invalid authentication credentials. Expected OAuth 2 access token, login cookie or other valid authentication credential. See https://developers.google.com/identity/sign-in/web/devconsole-project.
[debug] [2022-05-04T09:01:22.417Z] FirebaseError: HTTP Error: 401, Request had invalid authentication credentials. Expected OAuth 2 access token, login cookie or other valid authentication credential. See https://developers.google.com/identity/sign-in/web/devconsole-project.
    at module.exports (/usr/local/lib/node_modules/firebase-tools/lib/responseToError.js:47:12)
    at RetryOperation._fn (/usr/local/lib/node_modules/firebase-tools/lib/apiv2.js:286:39)
    at processTicksAndRejections (node:internal/process/task_queues:96:5)
[error] 
[error] Error: Failed to get Firebase project dogsandcatsong-ded69. Please make sure the project exists and your account has permission to access it.
